<?xml version="1.0" encoding="UTF-8"?>
<testsuite xmlns:xsi="http://www.w3.org/2001/XMLSchema-instance" xsi:noNamespaceSchemaLocation="https://maven.apache.org/surefire/maven-surefire-plugin/xsd/surefire-test-report.xsd" name="test.manager.PostManagerTest" time="0.049" tests="5" errors="0" skipped="0" failures="0">
  <properties>
[...]
</properties>
  <testcase name="testGetPostById" classname="test.manager.PostManagerTest" time="0.027"/>
  <testcase name="testAddPost" classname="test.manager.PostManagerTest" time="0.012"/>
  <testcase name="testGetTopNPostsByShares" classname="test.manager.PostManagerTest" time="0.003"/>
  <testcase name="testGetTopNPostsByLikes" classname="test.manager.PostManagerTest" time="0"/>
  <testcase name="testDeletePostById" classname="test.manager.PostManagerTest" time="0.001"/>
</testsuite>